<?xml version="1.0" encoding="UTF-8"?>
<robot generator="Robot 6.1.1 (Python 3.10.12 on linux)" generated="20230923 15:14:29.746" rpa="false" schemaversion="4">
<suite id="s1" name="Run Credit Auto" source="/home/dione/Documents/auto_test/credit_auto_maven/src/test/tests/run_credit_auto.robot">
<test id="s1-t1" name="Connexion en tant que administrateur" line="13">
<kw name="Ouvrir le navigateur" library="selenium_utils" type="SETUP">
<arg>${url}</arg>
<arg>${browser}</arg>
<kw name="Open Browser" library="SeleniumLibrary">
<arg>${url}</arg>
<arg>${browser}</arg>
<doc>Opens a new browser instance to the optional ``url``.</doc>
<msg timestamp="20230923 15:14:29.988" level="INFO">Opening browser 'Chrome' to base url 'http://credit-auto.qsiconseil.ma/'.</msg>
<status status="PASS" starttime="20230923 15:14:29.988" endtime="20230923 15:14:33.405"/>
</kw>
<kw name="Maximize Browser Window" library="SeleniumLibrary">
<doc>Maximizes current browser window.</doc>
<status status="PASS" starttime="20230923 15:14:33.406" endtime="20230923 15:14:33.517"/>
</kw>
<kw name="Log To Console" library="BuiltIn">
<arg>Exécution de test démarrée sur ${browser}</arg>
<doc>Logs the given message to the console.</doc>
<status status="PASS" starttime="20230923 15:14:33.517" endtime="20230923 15:14:33.522"/>
</kw>
<status status="PASS" starttime="20230923 15:14:29.987" endtime="20230923 15:14:33.523"/>
</kw>
<kw name="Accéder à Crédit Auto" library="page_connexion">
<kw name="Click Link" library="SeleniumLibrary">
<arg>${champ_acces_CA}</arg>
<doc>Clicks a link identified by ``locator``.</doc>
<msg timestamp="20230923 15:14:33.529" level="INFO">Clicking link 'xpath://*[@id="lnkAccesCreditAuto"]'.</msg>
<status status="PASS" starttime="20230923 15:14:33.525" endtime="20230923 15:14:34.680"/>
</kw>
<status status="PASS" starttime="20230923 15:14:33.524" endtime="20230923 15:14:34.680"/>
</kw>
<kw name="Se Connecter en tant que LDAP administrateur" library="page_connexion">
<kw name="Log To Console" library="BuiltIn">
<arg>Se Connecter en tant que LDAP administrateur</arg>
<doc>Logs the given message to the console.</doc>
<status status="PASS" starttime="20230923 15:14:34.681" endtime="20230923 15:14:34.681"/>
</kw>
<kw name="Input Text" library="SeleniumLibrary">
<arg>${champ_username}</arg>
<arg>${username_LDAP_ADMIN}</arg>
<doc>Types the given ``text`` into the text field identified by ``locator``.</doc>
<msg timestamp="20230923 15:14:34.683" level="INFO">Typing text 'acd' into text field 'xpath://*[@id="username"]'.</msg>
<status status="PASS" starttime="20230923 15:14:34.681" endtime="20230923 15:14:34.852"/>
</kw>
<kw name="Input Text" library="SeleniumLibrary">
<arg>${champ_password}</arg>
<arg>${password_LDAP_ADMIN}</arg>
<doc>Types the given ``text`` into the text field identified by ``locator``.</doc>
<msg timestamp="20230923 15:14:34.853" level="INFO">Typing text 'acial!acd2018' into text field 'xpath://*[@id="password"]'.</msg>
<status status="PASS" starttime="20230923 15:14:34.852" endtime="20230923 15:14:35.001"/>
</kw>
<kw name="Click Button" library="SeleniumLibrary">
<arg>${btn_Se_Connecter}</arg>
<doc>Clicks the button identified by ``locator``.</doc>
<msg timestamp="20230923 15:14:35.002" level="INFO">Clicking button 'xpath://*[@id="page-top"]/div[2]/div/div/form/fieldset/button'.</msg>
<status status="PASS" starttime="20230923 15:14:35.001" endtime="20230923 15:14:35.978"/>
</kw>
<kw name="Wait Until Element Contains" library="SeleniumLibrary">
<arg>${champ_nom_utilisateur}</arg>
<arg>${username_LDAP_ADMIN}</arg>
<doc>Waits until the element ``locator`` contains ``text``.</doc>
<status status="PASS" starttime="20230923 15:14:35.978" endtime="20230923 15:14:36.026"/>
</kw>
<status status="PASS" starttime="20230923 15:14:34.680" endtime="20230923 15:14:36.026"/>
</kw>
<kw name="Se déconnecter de CREDIT AUTO" library="page_connexion">
<kw name="Click Link" library="SeleniumLibrary">
<arg>${btn_decconexion}</arg>
<doc>Clicks a link identified by ``locator``.</doc>
<msg timestamp="20230923 15:14:36.028" level="INFO">Clicking link 'xpath://*[@id="lnkDeconnexion"]'.</msg>
<status status="PASS" starttime="20230923 15:14:36.027" endtime="20230923 15:14:36.624"/>
</kw>
<status status="PASS" starttime="20230923 15:14:36.026" endtime="20230923 15:14:36.624"/>
</kw>
<kw name="Fermer le navigateur" library="selenium_utils" type="TEARDOWN">
<kw name="Close Browser" library="SeleniumLibrary">
<doc>Closes the current browser.</doc>
<status status="PASS" starttime="20230923 15:14:36.625" endtime="20230923 15:14:36.707"/>
</kw>
<kw name="Log To Console" library="BuiltIn">
<arg>Fin de l'exécution de test</arg>
<doc>Logs the given message to the console.</doc>
<status status="PASS" starttime="20230923 15:14:36.708" endtime="20230923 15:14:36.708"/>
</kw>
<status status="PASS" starttime="20230923 15:14:36.625" endtime="20230923 15:14:36.708"/>
</kw>
<status status="PASS" starttime="20230923 15:14:29.986" endtime="20230923 15:14:36.708"/>
</test>
<test id="s1-t2" name="Connexion tant que LDAP administrateur avec mot de passe incorrect" line="17">
<kw name="Ouvrir le navigateur" library="selenium_utils" type="SETUP">
<arg>${url}</arg>
<arg>${browser}</arg>
<kw name="Open Browser" library="SeleniumLibrary">
<arg>${url}</arg>
<arg>${browser}</arg>
<doc>Opens a new browser instance to the optional ``url``.</doc>
<msg timestamp="20230923 15:14:36.711" level="INFO">Opening browser 'Chrome' to base url 'http://credit-auto.qsiconseil.ma/'.</msg>
<status status="PASS" starttime="20230923 15:14:36.710" endtime="20230923 15:14:39.834"/>
</kw>
<kw name="Maximize Browser Window" library="SeleniumLibrary">
<doc>Maximizes current browser window.</doc>
<status status="PASS" starttime="20230923 15:14:39.834" endtime="20230923 15:14:39.940"/>
</kw>
<kw name="Log To Console" library="BuiltIn">
<arg>Exécution de test démarrée sur ${browser}</arg>
<doc>Logs the given message to the console.</doc>
<status status="PASS" starttime="20230923 15:14:39.941" endtime="20230923 15:14:39.943"/>
</kw>
<status status="PASS" starttime="20230923 15:14:36.710" endtime="20230923 15:14:39.943"/>
</kw>
<kw name="Accéder à Crédit Auto" library="page_connexion">
<kw name="Click Link" library="SeleniumLibrary">
<arg>${champ_acces_CA}</arg>
<doc>Clicks a link identified by ``locator``.</doc>
<msg timestamp="20230923 15:14:39.946" level="INFO">Clicking link 'xpath://*[@id="lnkAccesCreditAuto"]'.</msg>
<status status="PASS" starttime="20230923 15:14:39.945" endtime="20230923 15:14:40.774"/>
</kw>
<status status="PASS" starttime="20230923 15:14:39.944" endtime="20230923 15:14:40.775"/>
</kw>
<kw name="Se Connecter en tant que LDAP administrateur avec mot de passe incorrect" library="page_connexion">
<kw name="Log To Console" library="BuiltIn">
<arg>Se Connecter en tant que LDAP administrateur mot de passe incorrect</arg>
<doc>Logs the given message to the console.</doc>
<status status="PASS" starttime="20230923 15:14:40.777" endtime="20230923 15:14:40.778"/>
</kw>
<kw name="Input Text" library="SeleniumLibrary">
<arg>${champ_username}</arg>
<arg>${username_LDAP_ADMIN}</arg>
<doc>Types the given ``text`` into the text field identified by ``locator``.</doc>
<msg timestamp="20230923 15:14:40.781" level="INFO">Typing text 'acd' into text field 'xpath://*[@id="username"]'.</msg>
<status status="PASS" starttime="20230923 15:14:40.778" endtime="20230923 15:14:40.943"/>
</kw>
<kw name="Input Text" library="SeleniumLibrary">
<arg>${champ_password}</arg>
<arg>${password_LDAP_ADMIN_incorrect}</arg>
<doc>Types the given ``text`` into the text field identified by ``locator``.</doc>
<msg timestamp="20230923 15:14:40.945" level="INFO">Typing text 'acial!acd2018acd' into text field 'xpath://*[@id="password"]'.</msg>
<status status="PASS" starttime="20230923 15:14:40.944" endtime="20230923 15:14:41.117"/>
</kw>
<kw name="Click Button" library="SeleniumLibrary">
<arg>${btn_Se_Connecter}</arg>
<doc>Clicks the button identified by ``locator``.</doc>
<msg timestamp="20230923 15:14:41.118" level="INFO">Clicking button 'xpath://*[@id="page-top"]/div[2]/div/div/form/fieldset/button'.</msg>
<status status="PASS" starttime="20230923 15:14:41.117" endtime="20230923 15:14:41.903"/>
</kw>
<kw name="Wait Until Element Contains" library="SeleniumLibrary">
<arg>${champ_msg_erronné}</arg>
<arg>${msg_erroné}</arg>
<doc>Waits until the element ``locator`` contains ``text``.</doc>
<status status="PASS" starttime="20230923 15:14:41.903" endtime="20230923 15:14:41.947"/>
</kw>
<status status="PASS" starttime="20230923 15:14:40.776" endtime="20230923 15:14:41.947"/>
</kw>
<kw name="Fermer le navigateur" library="selenium_utils" type="TEARDOWN">
<kw name="Close Browser" library="SeleniumLibrary">
<doc>Closes the current browser.</doc>
<status status="PASS" starttime="20230923 15:14:41.948" endtime="20230923 15:14:42.020"/>
</kw>
<kw name="Log To Console" library="BuiltIn">
<arg>Fin de l'exécution de test</arg>
<doc>Logs the given message to the console.</doc>
<status status="PASS" starttime="20230923 15:14:42.020" endtime="20230923 15:14:42.021"/>
</kw>
<status status="PASS" starttime="20230923 15:14:41.948" endtime="20230923 15:14:42.021"/>
</kw>
<status status="PASS" starttime="20230923 15:14:36.709" endtime="20230923 15:14:42.021"/>
</test>
<test id="s1-t3" name="Connexion en tant RESPONSABLE CREDIT" line="21">
<kw name="Ouvrir le navigateur" library="selenium_utils" type="SETUP">
<arg>${url}</arg>
<arg>${browser}</arg>
<kw name="Open Browser" library="SeleniumLibrary">
<arg>${url}</arg>
<arg>${browser}</arg>
<doc>Opens a new browser instance to the optional ``url``.</doc>
<msg timestamp="20230923 15:14:42.025" level="INFO">Opening browser 'Chrome' to base url 'http://credit-auto.qsiconseil.ma/'.</msg>
<status status="PASS" starttime="20230923 15:14:42.024" endtime="20230923 15:14:44.450"/>
</kw>
<kw name="Maximize Browser Window" library="SeleniumLibrary">
<doc>Maximizes current browser window.</doc>
<status status="PASS" starttime="20230923 15:14:44.450" endtime="20230923 15:14:44.557"/>
</kw>
<kw name="Log To Console" library="BuiltIn">
<arg>Exécution de test démarrée sur ${browser}</arg>
<doc>Logs the given message to the console.</doc>
<status status="PASS" starttime="20230923 15:14:44.558" endtime="20230923 15:14:44.558"/>
</kw>
<status status="PASS" starttime="20230923 15:14:42.023" endtime="20230923 15:14:44.558"/>
</kw>
<kw name="Accéder à Crédit Auto" library="page_connexion">
<kw name="Click Link" library="SeleniumLibrary">
<arg>${champ_acces_CA}</arg>
<doc>Clicks a link identified by ``locator``.</doc>
<msg timestamp="20230923 15:14:44.561" level="INFO">Clicking link 'xpath://*[@id="lnkAccesCreditAuto"]'.</msg>
<status status="PASS" starttime="20230923 15:14:44.560" endtime="20230923 15:14:45.495"/>
</kw>
<status status="PASS" starttime="20230923 15:14:44.559" endtime="20230923 15:14:45.496"/>
</kw>
<kw name="Se Connecter en tant que LDAP Responsable Credit" library="page_connexion">
<kw name="Log To Console" library="BuiltIn">
<arg>Se Connecter en tant que LDAP Responsable Credit</arg>
<doc>Logs the given message to the console.</doc>
<status status="PASS" starttime="20230923 15:14:45.499" endtime="20230923 15:14:45.500"/>
</kw>
<kw name="Input Text" library="SeleniumLibrary">
<arg>${champ_username}</arg>
<arg>${username_LDAP_RESPONSABLE_CREDIT}</arg>
<doc>Types the given ``text`` into the text field identified by ``locator``.</doc>
<msg timestamp="20230923 15:14:45.505" level="INFO">Typing text 'rcd' into text field 'xpath://*[@id="username"]'.</msg>
<status status="PASS" starttime="20230923 15:14:45.501" endtime="20230923 15:14:45.683"/>
</kw>
<kw name="Input Text" library="SeleniumLibrary">
<arg>${champ_password}</arg>
<arg>${password_LDAP_RESPONSABLE_CREDIT}</arg>
<doc>Types the given ``text`` into the text field identified by ``locator``.</doc>
<msg timestamp="20230923 15:14:45.685" level="INFO">Typing text 'acial!rcd2018' into text field 'xpath://*[@id="password"]'.</msg>
<status status="PASS" starttime="20230923 15:14:45.683" endtime="20230923 15:14:45.859"/>
</kw>
<kw name="Click Button" library="SeleniumLibrary">
<arg>${btn_Se_Connecter}</arg>
<doc>Clicks the button identified by ``locator``.</doc>
<msg timestamp="20230923 15:14:45.860" level="INFO">Clicking button 'xpath://*[@id="page-top"]/div[2]/div/div/form/fieldset/button'.</msg>
<status status="PASS" starttime="20230923 15:14:45.859" endtime="20230923 15:14:46.827"/>
</kw>
<kw name="Wait Until Element Contains" library="SeleniumLibrary">
<arg>${champ_nom_utilisateur}</arg>
<arg>${username_LDAP_RESPONSABLE_CREDIT}</arg>
<doc>Waits until the element ``locator`` contains ``text``.</doc>
<status status="PASS" starttime="20230923 15:14:46.827" endtime="20230923 15:14:46.868"/>
</kw>
<status status="PASS" starttime="20230923 15:14:45.497" endtime="20230923 15:14:46.868"/>
</kw>
<kw name="Se déconnecter de CREDIT AUTO" library="page_connexion">
<kw name="Click Link" library="SeleniumLibrary">
<arg>${btn_decconexion}</arg>
<doc>Clicks a link identified by ``locator``.</doc>
<msg timestamp="20230923 15:14:46.871" level="INFO">Clicking link 'xpath://*[@id="lnkDeconnexion"]'.</msg>
<status status="PASS" starttime="20230923 15:14:46.869" endtime="20230923 15:14:47.515"/>
</kw>
<status status="PASS" starttime="20230923 15:14:46.869" endtime="20230923 15:14:47.516"/>
</kw>
<kw name="Fermer le navigateur" library="selenium_utils" type="TEARDOWN">
<kw name="Close Browser" library="SeleniumLibrary">
<doc>Closes the current browser.</doc>
<status status="PASS" starttime="20230923 15:14:47.517" endtime="20230923 15:14:47.586"/>
</kw>
<kw name="Log To Console" library="BuiltIn">
<arg>Fin de l'exécution de test</arg>
<doc>Logs the given message to the console.</doc>
<status status="PASS" starttime="20230923 15:14:47.587" endtime="20230923 15:14:47.587"/>
</kw>
<status status="PASS" starttime="20230923 15:14:47.516" endtime="20230923 15:14:47.587"/>
</kw>
<status status="PASS" starttime="20230923 15:14:42.022" endtime="20230923 15:14:47.587"/>
</test>
<test id="s1-t4" name="Connexion en tant que RESPONSABLE CREDIT avec mot de passe incorrect" line="26">
<kw name="Ouvrir le navigateur" library="selenium_utils" type="SETUP">
<arg>${url}</arg>
<arg>${browser}</arg>
<kw name="Open Browser" library="SeleniumLibrary">
<arg>${url}</arg>
<arg>${browser}</arg>
<doc>Opens a new browser instance to the optional ``url``.</doc>
<msg timestamp="20230923 15:14:47.592" level="INFO">Opening browser 'Chrome' to base url 'http://credit-auto.qsiconseil.ma/'.</msg>
<status status="PASS" starttime="20230923 15:14:47.590" endtime="20230923 15:14:49.969"/>
</kw>
<kw name="Maximize Browser Window" library="SeleniumLibrary">
<doc>Maximizes current browser window.</doc>
<status status="PASS" starttime="20230923 15:14:49.970" endtime="20230923 15:14:50.077"/>
</kw>
<kw name="Log To Console" library="BuiltIn">
<arg>Exécution de test démarrée sur ${browser}</arg>
<doc>Logs the given message to the console.</doc>
<status status="PASS" starttime="20230923 15:14:50.077" endtime="20230923 15:14:50.078"/>
</kw>
<status status="PASS" starttime="20230923 15:14:47.589" endtime="20230923 15:14:50.078"/>
</kw>
<kw name="Accéder à Crédit Auto" library="page_connexion">
<kw name="Click Link" library="SeleniumLibrary">
<arg>${champ_acces_CA}</arg>
<doc>Clicks a link identified by ``locator``.</doc>
<msg timestamp="20230923 15:14:50.082" level="INFO">Clicking link 'xpath://*[@id="lnkAccesCreditAuto"]'.</msg>
<status status="PASS" starttime="20230923 15:14:50.080" endtime="20230923 15:14:50.907"/>
</kw>
<status status="PASS" starttime="20230923 15:14:50.079" endtime="20230923 15:14:50.908"/>
</kw>
<kw name="Se Connecter en tant que LDAP Responsable Credit avec mot de passe incorrect" library="page_connexion">
<kw name="Log To Console" library="BuiltIn">
<arg>Se Connecter en tant que LDAP Responsable Credit mot de passe incorrect</arg>
<doc>Logs the given message to the console.</doc>
<status status="PASS" starttime="20230923 15:14:50.909" endtime="20230923 15:14:50.910"/>
</kw>
<kw name="Input Text" library="SeleniumLibrary">
<arg>${champ_username}</arg>
<arg>${username_LDAP_RESPONSABLE_CREDIT}</arg>
<doc>Types the given ``text`` into the text field identified by ``locator``.</doc>
<msg timestamp="20230923 15:14:50.912" level="INFO">Typing text 'rcd' into text field 'xpath://*[@id="username"]'.</msg>
<status status="PASS" starttime="20230923 15:14:50.910" endtime="20230923 15:14:51.081"/>
</kw>
<kw name="Input Text" library="SeleniumLibrary">
<arg>${champ_password}</arg>
<arg>${password_LDAP_RESPONSABLE_CREDIT_incorrect}</arg>
<doc>Types the given ``text`` into the text field identified by ``locator``.</doc>
<msg timestamp="20230923 15:14:51.083" level="INFO">Typing text 'acial!rcd2018rcd' into text field 'xpath://*[@id="password"]'.</msg>
<status status="PASS" starttime="20230923 15:14:51.082" endtime="20230923 15:14:51.234"/>
</kw>
<kw name="Click Button" library="SeleniumLibrary">
<arg>${btn_Se_Connecter}</arg>
<doc>Clicks the button identified by ``locator``.</doc>
<msg timestamp="20230923 15:14:51.235" level="INFO">Clicking button 'xpath://*[@id="page-top"]/div[2]/div/div/form/fieldset/button'.</msg>
<status status="PASS" starttime="20230923 15:14:51.234" endtime="20230923 15:14:52.160"/>
</kw>
<kw name="Wait Until Element Contains" library="SeleniumLibrary">
<arg>${champ_msg_erronné}</arg>
<arg>${msg_erroné}</arg>
<doc>Waits until the element ``locator`` contains ``text``.</doc>
<status status="PASS" starttime="20230923 15:14:52.160" endtime="20230923 15:14:52.197"/>
</kw>
<status status="PASS" starttime="20230923 15:14:50.909" endtime="20230923 15:14:52.197"/>
</kw>
<kw name="Fermer le navigateur" library="selenium_utils" type="TEARDOWN">
<kw name="Close Browser" library="SeleniumLibrary">
<doc>Closes the current browser.</doc>
<status status="PASS" starttime="20230923 15:14:52.198" endtime="20230923 15:14:52.275"/>
</kw>
<kw name="Log To Console" library="BuiltIn">
<arg>Fin de l'exécution de test</arg>
<doc>Logs the given message to the console.</doc>
<status status="PASS" starttime="20230923 15:14:52.275" endtime="20230923 15:14:52.276"/>
</kw>
<status status="PASS" starttime="20230923 15:14:52.197" endtime="20230923 15:14:52.276"/>
</kw>
<status status="PASS" starttime="20230923 15:14:47.588" endtime="20230923 15:14:52.276"/>
</test>
<test id="s1-t5" name="Connexion en tant que GESTIONNAIRE CREDIT" line="30">
<kw name="Ouvrir le navigateur" library="selenium_utils" type="SETUP">
<arg>${url}</arg>
<arg>${browser}</arg>
<kw name="Open Browser" library="SeleniumLibrary">
<arg>${url}</arg>
<arg>${browser}</arg>
<doc>Opens a new browser instance to the optional ``url``.</doc>
<msg timestamp="20230923 15:14:52.280" level="INFO">Opening browser 'Chrome' to base url 'http://credit-auto.qsiconseil.ma/'.</msg>
<status status="PASS" starttime="20230923 15:14:52.279" endtime="20230923 15:14:54.719"/>
</kw>
<kw name="Maximize Browser Window" library="SeleniumLibrary">
<doc>Maximizes current browser window.</doc>
<status status="PASS" starttime="20230923 15:14:54.720" endtime="20230923 15:14:54.833"/>
</kw>
<kw name="Log To Console" library="BuiltIn">
<arg>Exécution de test démarrée sur ${browser}</arg>
<doc>Logs the given message to the console.</doc>
<status status="PASS" starttime="20230923 15:14:54.834" endtime="20230923 15:14:54.835"/>
</kw>
<status status="PASS" starttime="20230923 15:14:52.278" endtime="20230923 15:14:54.835"/>
</kw>
<kw name="Accéder à Crédit Auto" library="page_connexion">
<kw name="Click Link" library="SeleniumLibrary">
<arg>${champ_acces_CA}</arg>
<doc>Clicks a link identified by ``locator``.</doc>
<msg timestamp="20230923 15:14:54.840" level="INFO">Clicking link 'xpath://*[@id="lnkAccesCreditAuto"]'.</msg>
<status status="PASS" starttime="20230923 15:14:54.837" endtime="20230923 15:14:55.880"/>
</kw>
<status status="PASS" starttime="20230923 15:14:54.836" endtime="20230923 15:14:55.880"/>
</kw>
<kw name="Se Connecter en tant que LDAP Gestionnaire Credit" library="page_connexion">
<kw name="Log To Console" library="BuiltIn">
<arg>Se Connecter en tant que LDAP Gestionnaire Credit</arg>
<doc>Logs the given message to the console.</doc>
<status status="PASS" starttime="20230923 15:14:55.882" endtime="20230923 15:14:55.883"/>
</kw>
<kw name="Input Text" library="SeleniumLibrary">
<arg>${champ_username}</arg>
<arg>${username_LDAP_GESTIONNAIRE_CREDIT}</arg>
<doc>Types the given ``text`` into the text field identified by ``locator``.</doc>
<msg timestamp="20230923 15:14:55.887" level="INFO">Typing text 'gcd' into text field 'xpath://*[@id="username"]'.</msg>
<status status="PASS" starttime="20230923 15:14:55.884" endtime="20230923 15:14:56.046"/>
</kw>
<kw name="Input Text" library="SeleniumLibrary">
<arg>${champ_password}</arg>
<arg>${password_LDAP_GESTIONNAIRE_CREDIT}</arg>
<doc>Types the given ``text`` into the text field identified by ``locator``.</doc>
<msg timestamp="20230923 15:14:56.047" level="INFO">Typing text 'acial!gcd2018' into text field 'xpath://*[@id="password"]'.</msg>
<status status="PASS" starttime="20230923 15:14:56.046" endtime="20230923 15:14:56.194"/>
</kw>
<kw name="Click Button" library="SeleniumLibrary">
<arg>${btn_Se_Connecter}</arg>
<doc>Clicks the button identified by ``locator``.</doc>
<msg timestamp="20230923 15:14:56.196" level="INFO">Clicking button 'xpath://*[@id="page-top"]/div[2]/div/div/form/fieldset/button'.</msg>
<status status="PASS" starttime="20230923 15:14:56.195" endtime="20230923 15:14:57.189"/>
</kw>
<kw name="Wait Until Element Contains" library="SeleniumLibrary">
<arg>${champ_nom_utilisateur}</arg>
<arg>${username_LDAP_GESTIONNAIRE_CREDIT}</arg>
<doc>Waits until the element ``locator`` contains ``text``.</doc>
<status status="PASS" starttime="20230923 15:14:57.189" endtime="20230923 15:14:57.229"/>
</kw>
<status status="PASS" starttime="20230923 15:14:55.881" endtime="20230923 15:14:57.229"/>
</kw>
<kw name="Se déconnecter de CREDIT AUTO" library="page_connexion">
<kw name="Click Link" library="SeleniumLibrary">
<arg>${btn_decconexion}</arg>
<doc>Clicks a link identified by ``locator``.</doc>
<msg timestamp="20230923 15:14:57.230" level="INFO">Clicking link 'xpath://*[@id="lnkDeconnexion"]'.</msg>
<status status="PASS" starttime="20230923 15:14:57.230" endtime="20230923 15:14:57.813"/>
</kw>
<status status="PASS" starttime="20230923 15:14:57.229" endtime="20230923 15:14:57.813"/>
</kw>
<kw name="Fermer le navigateur" library="selenium_utils" type="TEARDOWN">
<kw name="Close Browser" library="SeleniumLibrary">
<doc>Closes the current browser.</doc>
<status status="PASS" starttime="20230923 15:14:57.814" endtime="20230923 15:14:57.895"/>
</kw>
<kw name="Log To Console" library="BuiltIn">
<arg>Fin de l'exécution de test</arg>
<doc>Logs the given message to the console.</doc>
<status status="PASS" starttime="20230923 15:14:57.895" endtime="20230923 15:14:57.897"/>
</kw>
<status status="PASS" starttime="20230923 15:14:57.813" endtime="20230923 15:14:57.897"/>
</kw>
<status status="PASS" starttime="20230923 15:14:52.277" endtime="20230923 15:14:57.897"/>
</test>
<test id="s1-t6" name="Connexion en tant que GESTIONNAIRE CREDIT avec mot de passe incorrect" line="34">
<kw name="Ouvrir le navigateur" library="selenium_utils" type="SETUP">
<arg>${url}</arg>
<arg>${browser}</arg>
<kw name="Open Browser" library="SeleniumLibrary">
<arg>${url}</arg>
<arg>${browser}</arg>
<doc>Opens a new browser instance to the optional ``url``.</doc>
<msg timestamp="20230923 15:14:57.902" level="INFO">Opening browser 'Chrome' to base url 'http://credit-auto.qsiconseil.ma/'.</msg>
<status status="PASS" starttime="20230923 15:14:57.900" endtime="20230923 15:15:00.841"/>
</kw>
<kw name="Maximize Browser Window" library="SeleniumLibrary">
<doc>Maximizes current browser window.</doc>
<status status="PASS" starttime="20230923 15:15:00.841" endtime="20230923 15:15:00.950"/>
</kw>
<kw name="Log To Console" library="BuiltIn">
<arg>Exécution de test démarrée sur ${browser}</arg>
<doc>Logs the given message to the console.</doc>
<status status="PASS" starttime="20230923 15:15:00.951" endtime="20230923 15:15:00.951"/>
</kw>
<status status="PASS" starttime="20230923 15:14:57.899" endtime="20230923 15:15:00.951"/>
</kw>
<kw name="Accéder à Crédit Auto" library="page_connexion">
<kw name="Click Link" library="SeleniumLibrary">
<arg>${champ_acces_CA}</arg>
<doc>Clicks a link identified by ``locator``.</doc>
<msg timestamp="20230923 15:15:00.955" level="INFO">Clicking link 'xpath://*[@id="lnkAccesCreditAuto"]'.</msg>
<status status="PASS" starttime="20230923 15:15:00.953" endtime="20230923 15:15:01.982"/>
</kw>
<status status="PASS" starttime="20230923 15:15:00.952" endtime="20230923 15:15:01.982"/>
</kw>
<kw name="Se Connecter en tant que LDAP Gestionnaire Credit avec mot de passe incorrect" library="page_connexion">
<kw name="Log To Console" library="BuiltIn">
<arg>Se Connecter en tant que LDAP Gestionnaire Credit mot de passe incorrect</arg>
<doc>Logs the given message to the console.</doc>
<status status="PASS" starttime="20230923 15:15:01.985" endtime="20230923 15:15:01.987"/>
</kw>
<kw name="Input Text" library="SeleniumLibrary">
<arg>${champ_username}</arg>
<arg>${username_LDAP_GESTIONNAIRE_CREDIT}</arg>
<doc>Types the given ``text`` into the text field identified by ``locator``.</doc>
<msg timestamp="20230923 15:15:01.992" level="INFO">Typing text 'gcd' into text field 'xpath://*[@id="username"]'.</msg>
<status status="PASS" starttime="20230923 15:15:01.987" endtime="20230923 15:15:02.331"/>
</kw>
<kw name="Input Text" library="SeleniumLibrary">
<arg>${champ_password}</arg>
<arg>${password_LDAP_GESTIONNAIRE_CREDIT_incorrect}</arg>
<doc>Types the given ``text`` into the text field identified by ``locator``.</doc>
<msg timestamp="20230923 15:15:02.333" level="INFO">Typing text 'acial!gcd2018gcd' into text field 'xpath://*[@id="password"]'.</msg>
<status status="PASS" starttime="20230923 15:15:02.331" endtime="20230923 15:15:02.508"/>
</kw>
<kw name="Click Button" library="SeleniumLibrary">
<arg>${btn_Se_Connecter}</arg>
<doc>Clicks the button identified by ``locator``.</doc>
<msg timestamp="20230923 15:15:02.510" level="INFO">Clicking button 'xpath://*[@id="page-top"]/div[2]/div/div/form/fieldset/button'.</msg>
<status status="PASS" starttime="20230923 15:15:02.509" endtime="20230923 15:15:03.455"/>
</kw>
<kw name="Wait Until Element Contains" library="SeleniumLibrary">
<arg>${champ_msg_erronné}</arg>
<arg>${msg_erroné}</arg>
<doc>Waits until the element ``locator`` contains ``text``.</doc>
<status status="PASS" starttime="20230923 15:15:03.456" endtime="20230923 15:15:03.495"/>
</kw>
<status status="PASS" starttime="20230923 15:15:01.984" endtime="20230923 15:15:03.495"/>
</kw>
<kw name="Fermer le navigateur" library="selenium_utils" type="TEARDOWN">
<kw name="Close Browser" library="SeleniumLibrary">
<doc>Closes the current browser.</doc>
<status status="PASS" starttime="20230923 15:15:03.496" endtime="20230923 15:15:03.566"/>
</kw>
<kw name="Log To Console" library="BuiltIn">
<arg>Fin de l'exécution de test</arg>
<doc>Logs the given message to the console.</doc>
<status status="PASS" starttime="20230923 15:15:03.566" endtime="20230923 15:15:03.568"/>
</kw>
<status status="PASS" starttime="20230923 15:15:03.495" endtime="20230923 15:15:03.568"/>
</kw>
<status status="PASS" starttime="20230923 15:14:57.898" endtime="20230923 15:15:03.568"/>
</test>
<test id="s1-t7" name="Connexion en tant que LOUEUR" line="39">
<kw name="Ouvrir le navigateur" library="selenium_utils" type="SETUP">
<arg>${url}</arg>
<arg>${browser}</arg>
<kw name="Open Browser" library="SeleniumLibrary">
<arg>${url}</arg>
<arg>${browser}</arg>
<doc>Opens a new browser instance to the optional ``url``.</doc>
<msg timestamp="20230923 15:15:03.573" level="INFO">Opening browser 'Chrome' to base url 'http://credit-auto.qsiconseil.ma/'.</msg>
<status status="PASS" starttime="20230923 15:15:03.572" endtime="20230923 15:15:06.115"/>
</kw>
<kw name="Maximize Browser Window" library="SeleniumLibrary">
<doc>Maximizes current browser window.</doc>
<status status="PASS" starttime="20230923 15:15:06.115" endtime="20230923 15:15:06.226"/>
</kw>
<kw name="Log To Console" library="BuiltIn">
<arg>Exécution de test démarrée sur ${browser}</arg>
<doc>Logs the given message to the console.</doc>
<status status="PASS" starttime="20230923 15:15:06.226" endtime="20230923 15:15:06.228"/>
</kw>
<status status="PASS" starttime="20230923 15:15:03.571" endtime="20230923 15:15:06.228"/>
</kw>
<kw name="Accéder à Crédit Auto" library="page_connexion">
<kw name="Click Link" library="SeleniumLibrary">
<arg>${champ_acces_CA}</arg>
<doc>Clicks a link identified by ``locator``.</doc>
<msg timestamp="20230923 15:15:06.231" level="INFO">Clicking link 'xpath://*[@id="lnkAccesCreditAuto"]'.</msg>
<status status="PASS" starttime="20230923 15:15:06.230" endtime="20230923 15:15:07.066"/>
</kw>
<status status="PASS" starttime="20230923 15:15:06.229" endtime="20230923 15:15:07.067"/>
</kw>
<kw name="Se Connecter en tant que LDAP Loueur" library="page_connexion">
<kw name="Log To Console" library="BuiltIn">
<arg>Se Connecter en tant que LDAP Loueur</arg>
<doc>Logs the given message to the console.</doc>
<status status="PASS" starttime="20230923 15:15:07.069" endtime="20230923 15:15:07.070"/>
</kw>
<kw name="Input Text" library="SeleniumLibrary">
<arg>${champ_username}</arg>
<arg>${username_LDAP_LOUEUR}</arg>
<doc>Types the given ``text`` into the text field identified by ``locator``.</doc>
<msg timestamp="20230923 15:15:07.076" level="INFO">Typing text 'lcd' into text field 'xpath://*[@id="username"]'.</msg>
<status status="PASS" starttime="20230923 15:15:07.071" endtime="20230923 15:15:07.284"/>
</kw>
<kw name="Input Text" library="SeleniumLibrary">
<arg>${champ_password}</arg>
<arg>${password_LDAP_LOUEUR}</arg>
<doc>Types the given ``text`` into the text field identified by ``locator``.</doc>
<msg timestamp="20230923 15:15:07.287" level="INFO">Typing text 'acial!acd2018' into text field 'xpath://*[@id="password"]'.</msg>
<status status="PASS" starttime="20230923 15:15:07.285" endtime="20230923 15:15:07.454"/>
</kw>
<kw name="Click Button" library="SeleniumLibrary">
<arg>${btn_Se_Connecter}</arg>
<doc>Clicks the button identified by ``locator``.</doc>
<msg timestamp="20230923 15:15:07.456" level="INFO">Clicking button 'xpath://*[@id="page-top"]/div[2]/div/div/form/fieldset/button'.</msg>
<status status="PASS" starttime="20230923 15:15:07.454" endtime="20230923 15:15:08.469"/>
</kw>
<kw name="Wait Until Element Contains" library="SeleniumLibrary">
<arg>${champ_nom_utilisateur}</arg>
<arg>${username_LDAP_LOUEUR}</arg>
<doc>Waits until the element ``locator`` contains ``text``.</doc>
<status status="PASS" starttime="20230923 15:15:08.470" endtime="20230923 15:15:08.508"/>
</kw>
<status status="PASS" starttime="20230923 15:15:07.068" endtime="20230923 15:15:08.508"/>
</kw>
<kw name="Se déconnecter de CREDIT AUTO" library="page_connexion">
<kw name="Click Link" library="SeleniumLibrary">
<arg>${btn_decconexion}</arg>
<doc>Clicks a link identified by ``locator``.</doc>
<msg timestamp="20230923 15:15:08.509" level="INFO">Clicking link 'xpath://*[@id="lnkDeconnexion"]'.</msg>
<status status="PASS" starttime="20230923 15:15:08.509" endtime="20230923 15:15:09.091"/>
</kw>
<status status="PASS" starttime="20230923 15:15:08.508" endtime="20230923 15:15:09.091"/>
</kw>
<kw name="Fermer le navigateur" library="selenium_utils" type="TEARDOWN">
<kw name="Close Browser" library="SeleniumLibrary">
<doc>Closes the current browser.</doc>
<status status="PASS" starttime="20230923 15:15:09.092" endtime="20230923 15:15:09.173"/>
</kw>
<kw name="Log To Console" library="BuiltIn">
<arg>Fin de l'exécution de test</arg>
<doc>Logs the given message to the console.</doc>
<status status="PASS" starttime="20230923 15:15:09.173" endtime="20230923 15:15:09.174"/>
</kw>
<status status="PASS" starttime="20230923 15:15:09.092" endtime="20230923 15:15:09.174"/>
</kw>
<status status="PASS" starttime="20230923 15:15:03.570" endtime="20230923 15:15:09.174"/>
</test>
<test id="s1-t8" name="Connexion en tant que LOUEUR avec mot de passe incorrect" line="43">
<kw name="Ouvrir le navigateur" library="selenium_utils" type="SETUP">
<arg>${url}</arg>
<arg>${browser}</arg>
<kw name="Open Browser" library="SeleniumLibrary">
<arg>${url}</arg>
<arg>${browser}</arg>
<doc>Opens a new browser instance to the optional ``url``.</doc>
<msg timestamp="20230923 15:15:09.181" level="INFO">Opening browser 'Chrome' to base url 'http://credit-auto.qsiconseil.ma/'.</msg>
<status status="PASS" starttime="20230923 15:15:09.180" endtime="20230923 15:15:12.085"/>
</kw>
<kw name="Maximize Browser Window" library="SeleniumLibrary">
<doc>Maximizes current browser window.</doc>
<status status="PASS" starttime="20230923 15:15:12.086" endtime="20230923 15:15:12.196"/>
</kw>
<kw name="Log To Console" library="BuiltIn">
<arg>Exécution de test démarrée sur ${browser}</arg>
<doc>Logs the given message to the console.</doc>
<status status="PASS" starttime="20230923 15:15:12.197" endtime="20230923 15:15:12.198"/>
</kw>
<status status="PASS" starttime="20230923 15:15:09.176" endtime="20230923 15:15:12.198"/>
</kw>
<kw name="Accéder à Crédit Auto" library="page_connexion">
<kw name="Click Link" library="SeleniumLibrary">
<arg>${champ_acces_CA}</arg>
<doc>Clicks a link identified by ``locator``.</doc>
<msg timestamp="20230923 15:15:12.201" level="INFO">Clicking link 'xpath://*[@id="lnkAccesCreditAuto"]'.</msg>
<status status="PASS" starttime="20230923 15:15:12.199" endtime="20230923 15:15:13.208"/>
</kw>
<status status="PASS" starttime="20230923 15:15:12.198" endtime="20230923 15:15:13.209"/>
</kw>
<kw name="Se Connecter en tant que LDAP Loueur avec mot de passe incorrect" library="page_connexion">
<kw name="Log To Console" library="BuiltIn">
<arg>Se Connecter en tant que LDAP Loueur mot de passe incorrect</arg>
<doc>Logs the given message to the console.</doc>
<status status="PASS" starttime="20230923 15:15:13.213" endtime="20230923 15:15:13.215"/>
</kw>
<kw name="Input Text" library="SeleniumLibrary">
<arg>${champ_username}</arg>
<arg>${username_LDAP_LOUEUR}</arg>
<doc>Types the given ``text`` into the text field identified by ``locator``.</doc>
<msg timestamp="20230923 15:15:13.219" level="INFO">Typing text 'lcd' into text field 'xpath://*[@id="username"]'.</msg>
<status status="PASS" starttime="20230923 15:15:13.215" endtime="20230923 15:15:13.407"/>
</kw>
<kw name="Input Text" library="SeleniumLibrary">
<arg>${champ_password}</arg>
<arg>${password_LDAP_LOUEUR_incorrect}</arg>
<doc>Types the given ``text`` into the text field identified by ``locator``.</doc>
<msg timestamp="20230923 15:15:13.409" level="INFO">Typing text 'acial!acd2018lcd' into text field 'xpath://*[@id="password"]'.</msg>
<status status="PASS" starttime="20230923 15:15:13.407" endtime="20230923 15:15:13.553"/>
</kw>
<kw name="Click Button" library="SeleniumLibrary">
<arg>${btn_Se_Connecter}</arg>
<doc>Clicks the button identified by ``locator``.</doc>
<msg timestamp="20230923 15:15:13.554" level="INFO">Clicking button 'xpath://*[@id="page-top"]/div[2]/div/div/form/fieldset/button'.</msg>
<status status="PASS" starttime="20230923 15:15:13.553" endtime="20230923 15:15:14.422"/>
</kw>
<kw name="Wait Until Element Contains" library="SeleniumLibrary">
<arg>${champ_msg_erronné}</arg>
<arg>${msg_erroné}</arg>
<doc>Waits until the element ``locator`` contains ``text``.</doc>
<status status="PASS" starttime="20230923 15:15:14.422" endtime="20230923 15:15:14.467"/>
</kw>
<status status="PASS" starttime="20230923 15:15:13.211" endtime="20230923 15:15:14.467"/>
</kw>
<kw name="Fermer le navigateur" library="selenium_utils" type="TEARDOWN">
<kw name="Close Browser" library="SeleniumLibrary">
<doc>Closes the current browser.</doc>
<status status="PASS" starttime="20230923 15:15:14.469" endtime="20230923 15:15:14.540"/>
</kw>
<kw name="Log To Console" library="BuiltIn">
<arg>Fin de l'exécution de test</arg>
<doc>Logs the given message to the console.</doc>
<status status="PASS" starttime="20230923 15:15:14.541" endtime="20230923 15:15:14.541"/>
</kw>
<status status="PASS" starttime="20230923 15:15:14.468" endtime="20230923 15:15:14.541"/>
</kw>
<status status="PASS" starttime="20230923 15:15:09.175" endtime="20230923 15:15:14.542"/>
</test>
<status status="PASS" starttime="20230923 15:14:29.747" endtime="20230923 15:15:14.543"/>
</suite>
<statistics>
<total>
<stat pass="8" fail="0" skip="0">All Tests</stat>
</total>
<tag>
</tag>
<suite>
<stat pass="8" fail="0" skip="0" id="s1" name="Run Credit Auto">Run Credit Auto</stat>
</suite>
</statistics>
<errors>
</errors>
</robot>
